2021-04-15 22:26:22.815 [main] INFO  com.sm.qy28.ProjectApplication - Starting ProjectApplication on JAVA-20200825JO with PID 6980 (E:\java workspace\crmmaster\target\classes started by JAVASM in E:\java workspace\crmmaster)
2021-04-15 22:26:22.817 [main] INFO  com.sm.qy28.ProjectApplication - No active profile set, falling back to default profiles: default
2021-04-15 22:26:23.612 [main] INFO  o.s.boot.web.embedded.tomcat.TomcatWebServer - Tomcat initialized with port(s): 10000 (http)
2021-04-15 22:26:23.617 [main] INFO  org.apache.coyote.http11.Http11NioProtocol - Initializing ProtocolHandler ["http-nio-10000"]
2021-04-15 22:26:23.618 [main] INFO  org.apache.catalina.core.StandardService - Starting service [Tomcat]
2021-04-15 22:26:23.619 [main] INFO  org.apache.catalina.core.StandardEngine - Starting Servlet engine: [Apache Tomcat/9.0.39]
2021-04-15 22:26:23.668 [main] INFO  o.a.c.core.ContainerBase.[Tomcat].[localhost].[/] - Initializing Spring embedded WebApplicationContext
2021-04-15 22:26:23.669 [main] INFO  o.s.b.w.s.c.ServletWebServerApplicationContext - Root WebApplicationContext: initialization completed in 812 ms
2021-04-15 22:26:24.000 [main] INFO  o.s.scheduling.concurrent.ThreadPoolTaskExecutor - Initializing ExecutorService 'applicationTaskExecutor'
2021-04-15 22:26:24.131 [main] INFO  org.apache.coyote.http11.Http11NioProtocol - Starting ProtocolHandler ["http-nio-10000"]
2021-04-15 22:26:24.152 [main] INFO  o.s.boot.web.embedded.tomcat.TomcatWebServer - Tomcat started on port(s): 10000 (http) with context path ''
2021-04-15 22:26:24.158 [main] INFO  com.sm.qy28.ProjectApplication - Started ProjectApplication in 1.601 seconds (JVM running for 2.149)
2021-04-15 22:27:51.938 [http-nio-10000-exec-1] INFO  o.a.c.core.ContainerBase.[Tomcat].[localhost].[/] - Initializing Spring DispatcherServlet 'dispatcherServlet'
2021-04-15 22:27:51.938 [http-nio-10000-exec-1] INFO  org.springframework.web.servlet.DispatcherServlet - Initializing Servlet 'dispatcherServlet'
2021-04-15 22:27:51.945 [http-nio-10000-exec-1] INFO  org.springframework.web.servlet.DispatcherServlet - Completed initialization in 7 ms
2021-04-15 22:28:02.854 [main] INFO  com.sm.qy28.ProjectApplication - Starting ProjectApplication on JAVA-20200825JO with PID 9988 (E:\java workspace\crmmaster\target\classes started by JAVASM in E:\java workspace\crmmaster)
2021-04-15 22:28:02.856 [main] INFO  com.sm.qy28.ProjectApplication - No active profile set, falling back to default profiles: default
2021-04-15 22:28:03.549 [main] INFO  o.s.boot.web.embedded.tomcat.TomcatWebServer - Tomcat initialized with port(s): 10000 (http)
2021-04-15 22:28:03.555 [main] INFO  org.apache.coyote.http11.Http11NioProtocol - Initializing ProtocolHandler ["http-nio-10000"]
2021-04-15 22:28:03.555 [main] INFO  org.apache.catalina.core.StandardService - Starting service [Tomcat]
2021-04-15 22:28:03.555 [main] INFO  org.apache.catalina.core.StandardEngine - Starting Servlet engine: [Apache Tomcat/9.0.39]
2021-04-15 22:28:03.611 [main] INFO  o.a.c.core.ContainerBase.[Tomcat].[localhost].[/] - Initializing Spring embedded WebApplicationContext
2021-04-15 22:28:03.611 [main] INFO  o.s.b.w.s.c.ServletWebServerApplicationContext - Root WebApplicationContext: initialization completed in 704 ms
2021-04-15 22:28:03.916 [main] INFO  o.s.scheduling.concurrent.ThreadPoolTaskExecutor - Initializing ExecutorService 'applicationTaskExecutor'
2021-04-15 22:28:04.035 [main] INFO  org.apache.coyote.http11.Http11NioProtocol - Starting ProtocolHandler ["http-nio-10000"]
2021-04-15 22:28:04.048 [main] INFO  o.s.boot.web.embedded.tomcat.TomcatWebServer - Tomcat started on port(s): 10000 (http) with context path ''
2021-04-15 22:28:04.055 [main] INFO  com.sm.qy28.ProjectApplication - Started ProjectApplication in 1.415 seconds (JVM running for 1.908)
2021-04-15 22:28:08.300 [http-nio-10000-exec-1] INFO  o.a.c.core.ContainerBase.[Tomcat].[localhost].[/] - Initializing Spring DispatcherServlet 'dispatcherServlet'
2021-04-15 22:28:08.300 [http-nio-10000-exec-1] INFO  org.springframework.web.servlet.DispatcherServlet - Initializing Servlet 'dispatcherServlet'
2021-04-15 22:28:08.304 [http-nio-10000-exec-1] INFO  org.springframework.web.servlet.DispatcherServlet - Completed initialization in 3 ms
2021-04-15 22:28:08.363 [http-nio-10000-exec-1] INFO  com.zaxxer.hikari.HikariDataSource - HikariPool-1 - Starting...
2021-04-15 22:31:52.097 [main] INFO  com.sm.qy28.ProjectApplication - Starting ProjectApplication on JAVA-20200825JO with PID 1988 (E:\java workspace\crmmaster\target\classes started by JAVASM in E:\java workspace\crmmaster)
2021-04-15 22:31:52.102 [main] INFO  com.sm.qy28.ProjectApplication - No active profile set, falling back to default profiles: default
2021-04-15 22:31:53.011 [main] INFO  o.s.boot.web.embedded.tomcat.TomcatWebServer - Tomcat initialized with port(s): 10000 (http)
2021-04-15 22:31:53.016 [main] INFO  org.apache.coyote.http11.Http11NioProtocol - Initializing ProtocolHandler ["http-nio-10000"]
2021-04-15 22:31:53.016 [main] INFO  org.apache.catalina.core.StandardService - Starting service [Tomcat]
2021-04-15 22:31:53.017 [main] INFO  org.apache.catalina.core.StandardEngine - Starting Servlet engine: [Apache Tomcat/9.0.39]
2021-04-15 22:31:53.072 [main] INFO  o.a.c.core.ContainerBase.[Tomcat].[localhost].[/] - Initializing Spring embedded WebApplicationContext
2021-04-15 22:31:53.072 [main] INFO  o.s.b.w.s.c.ServletWebServerApplicationContext - Root WebApplicationContext: initialization completed in 930 ms
2021-04-15 22:31:53.396 [main] INFO  o.s.scheduling.concurrent.ThreadPoolTaskExecutor - Initializing ExecutorService 'applicationTaskExecutor'
2021-04-15 22:31:53.529 [main] INFO  org.apache.coyote.http11.Http11NioProtocol - Starting ProtocolHandler ["http-nio-10000"]
2021-04-15 22:31:53.543 [main] INFO  o.s.boot.web.embedded.tomcat.TomcatWebServer - Tomcat started on port(s): 10000 (http) with context path ''
2021-04-15 22:31:53.549 [main] INFO  com.sm.qy28.ProjectApplication - Started ProjectApplication in 1.727 seconds (JVM running for 2.3)
2021-04-15 22:31:57.766 [http-nio-10000-exec-2] INFO  o.a.c.core.ContainerBase.[Tomcat].[localhost].[/] - Initializing Spring DispatcherServlet 'dispatcherServlet'
2021-04-15 22:31:57.766 [http-nio-10000-exec-2] INFO  org.springframework.web.servlet.DispatcherServlet - Initializing Servlet 'dispatcherServlet'
2021-04-15 22:31:57.771 [http-nio-10000-exec-2] INFO  org.springframework.web.servlet.DispatcherServlet - Completed initialization in 4 ms
2021-04-15 22:31:57.840 [http-nio-10000-exec-2] INFO  com.zaxxer.hikari.HikariDataSource - HikariPool-1 - Starting...
2021-04-15 22:32:22.900 [main] INFO  com.sm.qy28.ProjectApplication - Starting ProjectApplication on JAVA-20200825JO with PID 2136 (E:\java workspace\crmmaster\target\classes started by JAVASM in E:\java workspace\crmmaster)
2021-04-15 22:32:22.901 [main] INFO  com.sm.qy28.ProjectApplication - No active profile set, falling back to default profiles: default
2021-04-15 22:32:23.580 [main] INFO  o.s.boot.web.embedded.tomcat.TomcatWebServer - Tomcat initialized with port(s): 10000 (http)
2021-04-15 22:32:23.587 [main] INFO  org.apache.coyote.http11.Http11NioProtocol - Initializing ProtocolHandler ["http-nio-10000"]
2021-04-15 22:32:23.587 [main] INFO  org.apache.catalina.core.StandardService - Starting service [Tomcat]
2021-04-15 22:32:23.587 [main] INFO  org.apache.catalina.core.StandardEngine - Starting Servlet engine: [Apache Tomcat/9.0.39]
2021-04-15 22:32:23.641 [main] INFO  o.a.c.core.ContainerBase.[Tomcat].[localhost].[/] - Initializing Spring embedded WebApplicationContext
2021-04-15 22:32:23.641 [main] INFO  o.s.b.w.s.c.ServletWebServerApplicationContext - Root WebApplicationContext: initialization completed in 704 ms
2021-04-15 22:32:23.937 [main] INFO  o.s.scheduling.concurrent.ThreadPoolTaskExecutor - Initializing ExecutorService 'applicationTaskExecutor'
2021-04-15 22:32:24.058 [main] INFO  org.apache.coyote.http11.Http11NioProtocol - Starting ProtocolHandler ["http-nio-10000"]
2021-04-15 22:32:24.071 [main] INFO  o.s.boot.web.embedded.tomcat.TomcatWebServer - Tomcat started on port(s): 10000 (http) with context path ''
2021-04-15 22:32:24.078 [main] INFO  com.sm.qy28.ProjectApplication - Started ProjectApplication in 1.4 seconds (JVM running for 1.886)
2021-04-15 22:32:27.567 [http-nio-10000-exec-2] INFO  o.a.c.core.ContainerBase.[Tomcat].[localhost].[/] - Initializing Spring DispatcherServlet 'dispatcherServlet'
2021-04-15 22:32:27.567 [http-nio-10000-exec-2] INFO  org.springframework.web.servlet.DispatcherServlet - Initializing Servlet 'dispatcherServlet'
2021-04-15 22:32:27.572 [http-nio-10000-exec-2] INFO  org.springframework.web.servlet.DispatcherServlet - Completed initialization in 5 ms
2021-04-15 22:32:27.647 [http-nio-10000-exec-2] INFO  com.zaxxer.hikari.HikariDataSource - HikariPool-1 - Starting...
2021-04-15 22:32:27.765 [http-nio-10000-exec-2] INFO  com.zaxxer.hikari.HikariDataSource - HikariPool-1 - Start completed.
2021-04-15 22:33:26.449 [main] INFO  com.sm.qy28.ProjectApplication - Starting ProjectApplication on JAVA-20200825JO with PID 4584 (E:\java workspace\crmmaster\target\classes started by JAVASM in E:\java workspace\crmmaster)
2021-04-15 22:33:26.451 [main] INFO  com.sm.qy28.ProjectApplication - No active profile set, falling back to default profiles: default
2021-04-15 22:33:27.125 [main] INFO  o.s.boot.web.embedded.tomcat.TomcatWebServer - Tomcat initialized with port(s): 10000 (http)
2021-04-15 22:33:27.130 [main] INFO  org.apache.coyote.http11.Http11NioProtocol - Initializing ProtocolHandler ["http-nio-10000"]
2021-04-15 22:33:27.131 [main] INFO  org.apache.catalina.core.StandardService - Starting service [Tomcat]
2021-04-15 22:33:27.131 [main] INFO  org.apache.catalina.core.StandardEngine - Starting Servlet engine: [Apache Tomcat/9.0.39]
2021-04-15 22:33:27.186 [main] INFO  o.a.c.core.ContainerBase.[Tomcat].[localhost].[/] - Initializing Spring embedded WebApplicationContext
2021-04-15 22:33:27.186 [main] INFO  o.s.b.w.s.c.ServletWebServerApplicationContext - Root WebApplicationContext: initialization completed in 697 ms
2021-04-15 22:33:27.479 [main] INFO  o.s.scheduling.concurrent.ThreadPoolTaskExecutor - Initializing ExecutorService 'applicationTaskExecutor'
2021-04-15 22:33:27.599 [main] INFO  org.apache.coyote.http11.Http11NioProtocol - Starting ProtocolHandler ["http-nio-10000"]
2021-04-15 22:33:27.611 [main] INFO  o.s.boot.web.embedded.tomcat.TomcatWebServer - Tomcat started on port(s): 10000 (http) with context path ''
2021-04-15 22:33:27.618 [main] INFO  com.sm.qy28.ProjectApplication - Started ProjectApplication in 1.383 seconds (JVM running for 1.869)
2021-04-15 22:33:30.715 [http-nio-10000-exec-1] INFO  o.a.c.core.ContainerBase.[Tomcat].[localhost].[/] - Initializing Spring DispatcherServlet 'dispatcherServlet'
2021-04-15 22:33:30.715 [http-nio-10000-exec-1] INFO  org.springframework.web.servlet.DispatcherServlet - Initializing Servlet 'dispatcherServlet'
2021-04-15 22:33:30.719 [http-nio-10000-exec-1] INFO  org.springframework.web.servlet.DispatcherServlet - Completed initialization in 3 ms
2021-04-15 22:33:30.781 [http-nio-10000-exec-1] INFO  com.zaxxer.hikari.HikariDataSource - HikariPool-1 - Starting...
2021-04-15 22:33:30.890 [http-nio-10000-exec-1] INFO  com.zaxxer.hikari.HikariDataSource - HikariPool-1 - Start completed.
2021-04-15 22:35:08.537 [main] INFO  com.sm.qy28.ProjectApplication - Starting ProjectApplication on JAVA-20200825JO with PID 4904 (E:\java workspace\crmmaster\target\classes started by JAVASM in E:\java workspace\crmmaster)
2021-04-15 22:35:08.539 [main] INFO  com.sm.qy28.ProjectApplication - No active profile set, falling back to default profiles: default
2021-04-15 22:35:09.214 [main] INFO  o.s.boot.web.embedded.tomcat.TomcatWebServer - Tomcat initialized with port(s): 10000 (http)
2021-04-15 22:35:09.220 [main] INFO  org.apache.coyote.http11.Http11NioProtocol - Initializing ProtocolHandler ["http-nio-10000"]
2021-04-15 22:35:09.220 [main] INFO  org.apache.catalina.core.StandardService - Starting service [Tomcat]
2021-04-15 22:35:09.221 [main] INFO  org.apache.catalina.core.StandardEngine - Starting Servlet engine: [Apache Tomcat/9.0.39]
2021-04-15 22:35:09.276 [main] INFO  o.a.c.core.ContainerBase.[Tomcat].[localhost].[/] - Initializing Spring embedded WebApplicationContext
2021-04-15 22:35:09.276 [main] INFO  o.s.b.w.s.c.ServletWebServerApplicationContext - Root WebApplicationContext: initialization completed in 702 ms
2021-04-15 22:35:09.510 [main] INFO  o.s.scheduling.concurrent.ThreadPoolTaskExecutor - Initializing ExecutorService 'applicationTaskExecutor'
2021-04-15 22:35:09.638 [main] INFO  org.apache.coyote.http11.Http11NioProtocol - Starting ProtocolHandler ["http-nio-10000"]
2021-04-15 22:35:09.651 [main] INFO  o.s.boot.web.embedded.tomcat.TomcatWebServer - Tomcat started on port(s): 10000 (http) with context path ''
2021-04-15 22:35:09.657 [main] INFO  com.sm.qy28.ProjectApplication - Started ProjectApplication in 1.344 seconds (JVM running for 1.824)
2021-04-15 22:35:14.953 [http-nio-10000-exec-2] INFO  o.a.c.core.ContainerBase.[Tomcat].[localhost].[/] - Initializing Spring DispatcherServlet 'dispatcherServlet'
2021-04-15 22:35:14.953 [http-nio-10000-exec-2] INFO  org.springframework.web.servlet.DispatcherServlet - Initializing Servlet 'dispatcherServlet'
2021-04-15 22:35:14.956 [http-nio-10000-exec-2] INFO  org.springframework.web.servlet.DispatcherServlet - Completed initialization in 3 ms
2021-04-15 22:35:14.971 [http-nio-10000-exec-2] INFO  com.zaxxer.hikari.HikariDataSource - HikariPool-1 - Starting...
2021-04-15 22:35:15.128 [http-nio-10000-exec-2] INFO  com.zaxxer.hikari.HikariDataSource - HikariPool-1 - Start completed.
2021-04-15 22:36:10.560 [main] INFO  com.sm.qy28.ProjectApplication - Starting ProjectApplication on JAVA-20200825JO with PID 8120 (E:\java workspace\crmmaster\target\classes started by JAVASM in E:\java workspace\crmmaster)
2021-04-15 22:36:10.563 [main] INFO  com.sm.qy28.ProjectApplication - No active profile set, falling back to default profiles: default
2021-04-15 22:36:11.196 [main] INFO  o.s.boot.web.embedded.tomcat.TomcatWebServer - Tomcat initialized with port(s): 10000 (http)
2021-04-15 22:36:11.202 [main] INFO  org.apache.coyote.http11.Http11NioProtocol - Initializing ProtocolHandler ["http-nio-10000"]
2021-04-15 22:36:11.202 [main] INFO  org.apache.catalina.core.StandardService - Starting service [Tomcat]
2021-04-15 22:36:11.202 [main] INFO  org.apache.catalina.core.StandardEngine - Starting Servlet engine: [Apache Tomcat/9.0.39]
2021-04-15 22:36:11.257 [main] INFO  o.a.c.core.ContainerBase.[Tomcat].[localhost].[/] - Initializing Spring embedded WebApplicationContext
2021-04-15 22:36:11.257 [main] INFO  o.s.b.w.s.c.ServletWebServerApplicationContext - Root WebApplicationContext: initialization completed in 657 ms
2021-04-15 22:36:11.494 [main] INFO  o.s.scheduling.concurrent.ThreadPoolTaskExecutor - Initializing ExecutorService 'applicationTaskExecutor'
2021-04-15 22:36:11.621 [main] INFO  org.apache.coyote.http11.Http11NioProtocol - Starting ProtocolHandler ["http-nio-10000"]
2021-04-15 22:36:11.634 [main] INFO  o.s.boot.web.embedded.tomcat.TomcatWebServer - Tomcat started on port(s): 10000 (http) with context path ''
2021-04-15 22:36:11.640 [main] INFO  com.sm.qy28.ProjectApplication - Started ProjectApplication in 1.303 seconds (JVM running for 1.968)
2021-04-15 22:36:15.411 [http-nio-10000-exec-1] INFO  o.a.c.core.ContainerBase.[Tomcat].[localhost].[/] - Initializing Spring DispatcherServlet 'dispatcherServlet'
2021-04-15 22:36:15.411 [http-nio-10000-exec-1] INFO  org.springframework.web.servlet.DispatcherServlet - Initializing Servlet 'dispatcherServlet'
2021-04-15 22:36:15.416 [http-nio-10000-exec-1] INFO  org.springframework.web.servlet.DispatcherServlet - Completed initialization in 5 ms
2021-04-15 22:36:15.431 [http-nio-10000-exec-1] INFO  com.zaxxer.hikari.HikariDataSource - HikariPool-1 - Starting...
2021-04-15 22:36:15.584 [http-nio-10000-exec-1] INFO  com.zaxxer.hikari.HikariDataSource - HikariPool-1 - Start completed.
2021-04-15 22:42:32.972 [main] INFO  com.sm.qy28.ProjectApplication - Starting ProjectApplication on JAVA-20200825JO with PID 6912 (E:\java workspace\crmmaster\target\classes started by JAVASM in E:\java workspace\crmmaster)
2021-04-15 22:42:32.974 [main] INFO  com.sm.qy28.ProjectApplication - No active profile set, falling back to default profiles: default
2021-04-15 22:42:33.655 [main] INFO  o.s.boot.web.embedded.tomcat.TomcatWebServer - Tomcat initialized with port(s): 10000 (http)
2021-04-15 22:42:33.661 [main] INFO  org.apache.coyote.http11.Http11NioProtocol - Initializing ProtocolHandler ["http-nio-10000"]
2021-04-15 22:42:33.661 [main] INFO  org.apache.catalina.core.StandardService - Starting service [Tomcat]
2021-04-15 22:42:33.661 [main] INFO  org.apache.catalina.core.StandardEngine - Starting Servlet engine: [Apache Tomcat/9.0.39]
2021-04-15 22:42:33.718 [main] INFO  o.a.c.core.ContainerBase.[Tomcat].[localhost].[/] - Initializing Spring embedded WebApplicationContext
2021-04-15 22:42:33.718 [main] INFO  o.s.b.w.s.c.ServletWebServerApplicationContext - Root WebApplicationContext: initialization completed in 705 ms
2021-04-15 22:42:33.951 [main] INFO  o.s.scheduling.concurrent.ThreadPoolTaskExecutor - Initializing ExecutorService 'applicationTaskExecutor'
2021-04-15 22:42:34.080 [main] INFO  org.apache.coyote.http11.Http11NioProtocol - Starting ProtocolHandler ["http-nio-10000"]
2021-04-15 22:42:34.093 [main] INFO  o.s.boot.web.embedded.tomcat.TomcatWebServer - Tomcat started on port(s): 10000 (http) with context path ''
2021-04-15 22:42:34.100 [main] INFO  com.sm.qy28.ProjectApplication - Started ProjectApplication in 1.349 seconds (JVM running for 1.855)
2021-04-15 22:42:42.643 [http-nio-10000-exec-3] INFO  o.a.c.core.ContainerBase.[Tomcat].[localhost].[/] - Initializing Spring DispatcherServlet 'dispatcherServlet'
2021-04-15 22:42:42.643 [http-nio-10000-exec-3] INFO  org.springframework.web.servlet.DispatcherServlet - Initializing Servlet 'dispatcherServlet'
2021-04-15 22:42:42.646 [http-nio-10000-exec-3] INFO  org.springframework.web.servlet.DispatcherServlet - Completed initialization in 3 ms
2021-04-15 22:42:42.662 [http-nio-10000-exec-3] INFO  com.zaxxer.hikari.HikariDataSource - HikariPool-1 - Starting...
2021-04-15 22:42:42.815 [http-nio-10000-exec-3] INFO  com.zaxxer.hikari.HikariDataSource - HikariPool-1 - Start completed.
2021-04-15 22:45:52.114 [main] INFO  com.sm.qy28.ProjectApplication - Starting ProjectApplication on JAVA-20200825JO with PID 9304 (E:\java workspace\crmmaster\target\classes started by JAVASM in E:\java workspace\crmmaster)
2021-04-15 22:45:52.116 [main] INFO  com.sm.qy28.ProjectApplication - No active profile set, falling back to default profiles: default
2021-04-15 22:45:52.714 [main] INFO  o.s.boot.web.embedded.tomcat.TomcatWebServer - Tomcat initialized with port(s): 10000 (http)
2021-04-15 22:45:52.719 [main] INFO  org.apache.coyote.http11.Http11NioProtocol - Initializing ProtocolHandler ["http-nio-10000"]
2021-04-15 22:45:52.720 [main] INFO  org.apache.catalina.core.StandardService - Starting service [Tomcat]
2021-04-15 22:45:52.720 [main] INFO  org.apache.catalina.core.StandardEngine - Starting Servlet engine: [Apache Tomcat/9.0.39]
2021-04-15 22:45:52.775 [main] INFO  o.a.c.core.ContainerBase.[Tomcat].[localhost].[/] - Initializing Spring embedded WebApplicationContext
2021-04-15 22:45:52.776 [main] INFO  o.s.b.w.s.c.ServletWebServerApplicationContext - Root WebApplicationContext: initialization completed in 628 ms
2021-04-15 22:45:53.003 [main] INFO  o.s.scheduling.concurrent.ThreadPoolTaskExecutor - Initializing ExecutorService 'applicationTaskExecutor'
2021-04-15 22:45:53.134 [main] INFO  org.apache.coyote.http11.Http11NioProtocol - Starting ProtocolHandler ["http-nio-10000"]
2021-04-15 22:45:53.147 [main] INFO  o.s.boot.web.embedded.tomcat.TomcatWebServer - Tomcat started on port(s): 10000 (http) with context path ''
2021-04-15 22:45:53.153 [main] INFO  com.sm.qy28.ProjectApplication - Started ProjectApplication in 1.274 seconds (JVM running for 1.889)
2021-04-15 22:46:10.593 [http-nio-10000-exec-1] INFO  o.a.c.core.ContainerBase.[Tomcat].[localhost].[/] - Initializing Spring DispatcherServlet 'dispatcherServlet'
2021-04-15 22:46:10.594 [http-nio-10000-exec-1] INFO  org.springframework.web.servlet.DispatcherServlet - Initializing Servlet 'dispatcherServlet'
2021-04-15 22:46:10.597 [http-nio-10000-exec-1] INFO  org.springframework.web.servlet.DispatcherServlet - Completed initialization in 3 ms
2021-04-15 22:46:10.613 [http-nio-10000-exec-1] INFO  com.zaxxer.hikari.HikariDataSource - HikariPool-1 - Starting...
2021-04-15 22:46:10.770 [http-nio-10000-exec-1] INFO  com.zaxxer.hikari.HikariDataSource - HikariPool-1 - Start completed.
2021-04-15 22:46:32.714 [main] INFO  com.sm.qy28.ProjectApplication - Starting ProjectApplication on JAVA-20200825JO with PID 9584 (E:\java workspace\crmmaster\target\classes started by JAVASM in E:\java workspace\crmmaster)
2021-04-15 22:46:32.716 [main] INFO  com.sm.qy28.ProjectApplication - No active profile set, falling back to default profiles: default
2021-04-15 22:46:33.386 [main] INFO  o.s.boot.web.embedded.tomcat.TomcatWebServer - Tomcat initialized with port(s): 10000 (http)
2021-04-15 22:46:33.392 [main] INFO  org.apache.coyote.http11.Http11NioProtocol - Initializing ProtocolHandler ["http-nio-10000"]
2021-04-15 22:46:33.392 [main] INFO  org.apache.catalina.core.StandardService - Starting service [Tomcat]
2021-04-15 22:46:33.392 [main] INFO  org.apache.catalina.core.StandardEngine - Starting Servlet engine: [Apache Tomcat/9.0.39]
2021-04-15 22:46:33.447 [main] INFO  o.a.c.core.ContainerBase.[Tomcat].[localhost].[/] - Initializing Spring embedded WebApplicationContext
2021-04-15 22:46:33.448 [main] INFO  o.s.b.w.s.c.ServletWebServerApplicationContext - Root WebApplicationContext: initialization completed in 690 ms
2021-04-15 22:46:33.679 [main] INFO  o.s.scheduling.concurrent.ThreadPoolTaskExecutor - Initializing ExecutorService 'applicationTaskExecutor'
2021-04-15 22:46:33.807 [main] INFO  org.apache.coyote.http11.Http11NioProtocol - Starting ProtocolHandler ["http-nio-10000"]
2021-04-15 22:46:33.819 [main] INFO  o.s.boot.web.embedded.tomcat.TomcatWebServer - Tomcat started on port(s): 10000 (http) with context path ''
2021-04-15 22:46:33.825 [main] INFO  com.sm.qy28.ProjectApplication - Started ProjectApplication in 1.317 seconds (JVM running for 1.791)
2021-04-15 22:46:45.211 [http-nio-10000-exec-3] INFO  o.a.c.core.ContainerBase.[Tomcat].[localhost].[/] - Initializing Spring DispatcherServlet 'dispatcherServlet'
2021-04-15 22:46:45.211 [http-nio-10000-exec-3] INFO  org.springframework.web.servlet.DispatcherServlet - Initializing Servlet 'dispatcherServlet'
2021-04-15 22:46:45.215 [http-nio-10000-exec-3] INFO  org.springframework.web.servlet.DispatcherServlet - Completed initialization in 3 ms
2021-04-15 22:46:45.230 [http-nio-10000-exec-3] INFO  com.zaxxer.hikari.HikariDataSource - HikariPool-1 - Starting...
2021-04-15 22:46:45.383 [http-nio-10000-exec-3] INFO  com.zaxxer.hikari.HikariDataSource - HikariPool-1 - Start completed.
2021-04-15 23:08:41.362 [main] INFO  com.sm.qy28.ProjectApplication - Starting ProjectApplication on JAVA-20200825JO with PID 4932 (E:\java workspace\crmmaster\target\classes started by JAVASM in E:\java workspace\crmmaster)
2021-04-15 23:08:41.364 [main] INFO  com.sm.qy28.ProjectApplication - No active profile set, falling back to default profiles: default
2021-04-15 23:08:42.040 [main] INFO  o.s.boot.web.embedded.tomcat.TomcatWebServer - Tomcat initialized with port(s): 10000 (http)
2021-04-15 23:08:42.045 [main] INFO  org.apache.coyote.http11.Http11NioProtocol - Initializing ProtocolHandler ["http-nio-10000"]
2021-04-15 23:08:42.046 [main] INFO  org.apache.catalina.core.StandardService - Starting service [Tomcat]
2021-04-15 23:08:42.046 [main] INFO  org.apache.catalina.core.StandardEngine - Starting Servlet engine: [Apache Tomcat/9.0.39]
2021-04-15 23:08:42.103 [main] INFO  o.a.c.core.ContainerBase.[Tomcat].[localhost].[/] - Initializing Spring embedded WebApplicationContext
2021-04-15 23:08:42.103 [main] INFO  o.s.b.w.s.c.ServletWebServerApplicationContext - Root WebApplicationContext: initialization completed in 702 ms
2021-04-15 23:08:42.338 [main] INFO  o.s.scheduling.concurrent.ThreadPoolTaskExecutor - Initializing ExecutorService 'applicationTaskExecutor'
2021-04-15 23:08:42.468 [main] INFO  org.apache.coyote.http11.Http11NioProtocol - Starting ProtocolHandler ["http-nio-10000"]
2021-04-15 23:08:42.481 [main] INFO  o.s.boot.web.embedded.tomcat.TomcatWebServer - Tomcat started on port(s): 10000 (http) with context path ''
2021-04-15 23:08:42.488 [main] INFO  com.sm.qy28.ProjectApplication - Started ProjectApplication in 1.349 seconds (JVM running for 1.854)
2021-04-15 23:08:45.467 [http-nio-10000-exec-3] INFO  o.a.c.core.ContainerBase.[Tomcat].[localhost].[/] - Initializing Spring DispatcherServlet 'dispatcherServlet'
2021-04-15 23:08:45.467 [http-nio-10000-exec-3] INFO  org.springframework.web.servlet.DispatcherServlet - Initializing Servlet 'dispatcherServlet'
2021-04-15 23:08:45.470 [http-nio-10000-exec-3] INFO  org.springframework.web.servlet.DispatcherServlet - Completed initialization in 3 ms
2021-04-15 23:08:45.486 [http-nio-10000-exec-3] INFO  com.zaxxer.hikari.HikariDataSource - HikariPool-1 - Starting...
2021-04-15 23:08:45.646 [http-nio-10000-exec-3] INFO  com.zaxxer.hikari.HikariDataSource - HikariPool-1 - Start completed.
2021-04-15 23:09:16.114 [main] INFO  com.sm.qy28.ProjectApplication - Starting ProjectApplication on JAVA-20200825JO with PID 9964 (E:\java workspace\crmmaster\target\classes started by JAVASM in E:\java workspace\crmmaster)
2021-04-15 23:09:16.116 [main] INFO  com.sm.qy28.ProjectApplication - No active profile set, falling back to default profiles: default
2021-04-15 23:09:16.797 [main] INFO  o.s.boot.web.embedded.tomcat.TomcatWebServer - Tomcat initialized with port(s): 10000 (http)
2021-04-15 23:09:16.802 [main] INFO  org.apache.coyote.http11.Http11NioProtocol - Initializing ProtocolHandler ["http-nio-10000"]
2021-04-15 23:09:16.803 [main] INFO  org.apache.catalina.core.StandardService - Starting service [Tomcat]
2021-04-15 23:09:16.803 [main] INFO  org.apache.catalina.core.StandardEngine - Starting Servlet engine: [Apache Tomcat/9.0.39]
2021-04-15 23:09:16.860 [main] INFO  o.a.c.core.ContainerBase.[Tomcat].[localhost].[/] - Initializing Spring embedded WebApplicationContext
2021-04-15 23:09:16.860 [main] INFO  o.s.b.w.s.c.ServletWebServerApplicationContext - Root WebApplicationContext: initialization completed in 710 ms
2021-04-15 23:09:17.102 [main] INFO  o.s.scheduling.concurrent.ThreadPoolTaskExecutor - Initializing ExecutorService 'applicationTaskExecutor'
2021-04-15 23:09:17.232 [main] INFO  org.apache.coyote.http11.Http11NioProtocol - Starting ProtocolHandler ["http-nio-10000"]
2021-04-15 23:09:17.246 [main] INFO  o.s.boot.web.embedded.tomcat.TomcatWebServer - Tomcat started on port(s): 10000 (http) with context path ''
2021-04-15 23:09:17.253 [main] INFO  com.sm.qy28.ProjectApplication - Started ProjectApplication in 1.372 seconds (JVM running for 1.863)
2021-04-15 23:09:22.253 [http-nio-10000-exec-1] INFO  o.a.c.core.ContainerBase.[Tomcat].[localhost].[/] - Initializing Spring DispatcherServlet 'dispatcherServlet'
2021-04-15 23:09:22.254 [http-nio-10000-exec-1] INFO  org.springframework.web.servlet.DispatcherServlet - Initializing Servlet 'dispatcherServlet'
2021-04-15 23:09:22.257 [http-nio-10000-exec-1] INFO  org.springframework.web.servlet.DispatcherServlet - Completed initialization in 3 ms
2021-04-15 23:09:22.273 [http-nio-10000-exec-1] INFO  com.zaxxer.hikari.HikariDataSource - HikariPool-1 - Starting...
2021-04-15 23:09:22.430 [http-nio-10000-exec-1] INFO  com.zaxxer.hikari.HikariDataSource - HikariPool-1 - Start completed.
2021-04-15 23:11:19.092 [main] INFO  com.sm.qy28.ProjectApplication - Starting ProjectApplication on JAVA-20200825JO with PID 9784 (E:\java workspace\crmmaster\target\classes started by JAVASM in E:\java workspace\crmmaster)
2021-04-15 23:11:19.095 [main] INFO  com.sm.qy28.ProjectApplication - No active profile set, falling back to default profiles: default
2021-04-15 23:11:19.797 [main] INFO  o.s.boot.web.embedded.tomcat.TomcatWebServer - Tomcat initialized with port(s): 10000 (http)
2021-04-15 23:11:19.803 [main] INFO  org.apache.coyote.http11.Http11NioProtocol - Initializing ProtocolHandler ["http-nio-10000"]
2021-04-15 23:11:19.803 [main] INFO  org.apache.catalina.core.StandardService - Starting service [Tomcat]
2021-04-15 23:11:19.803 [main] INFO  org.apache.catalina.core.StandardEngine - Starting Servlet engine: [Apache Tomcat/9.0.39]
2021-04-15 23:11:19.861 [main] INFO  o.a.c.core.ContainerBase.[Tomcat].[localhost].[/] - Initializing Spring embedded WebApplicationContext
2021-04-15 23:11:19.862 [main] INFO  o.s.b.w.s.c.ServletWebServerApplicationContext - Root WebApplicationContext: initialization completed in 735 ms
2021-04-15 23:11:20.097 [main] INFO  o.s.scheduling.concurrent.ThreadPoolTaskExecutor - Initializing ExecutorService 'applicationTaskExecutor'
2021-04-15 23:11:20.231 [main] INFO  org.apache.coyote.http11.Http11NioProtocol - Starting ProtocolHandler ["http-nio-10000"]
2021-04-15 23:11:20.244 [main] INFO  o.s.boot.web.embedded.tomcat.TomcatWebServer - Tomcat started on port(s): 10000 (http) with context path ''
2021-04-15 23:11:20.251 [main] INFO  com.sm.qy28.ProjectApplication - Started ProjectApplication in 1.393 seconds (JVM running for 1.888)
2021-04-15 23:11:24.398 [http-nio-10000-exec-2] INFO  o.a.c.core.ContainerBase.[Tomcat].[localhost].[/] - Initializing Spring DispatcherServlet 'dispatcherServlet'
2021-04-15 23:11:24.398 [http-nio-10000-exec-2] INFO  org.springframework.web.servlet.DispatcherServlet - Initializing Servlet 'dispatcherServlet'
2021-04-15 23:11:24.402 [http-nio-10000-exec-2] INFO  org.springframework.web.servlet.DispatcherServlet - Completed initialization in 4 ms
2021-04-15 23:11:24.422 [http-nio-10000-exec-2] INFO  com.zaxxer.hikari.HikariDataSource - HikariPool-1 - Starting...
2021-04-15 23:11:24.582 [http-nio-10000-exec-2] INFO  com.zaxxer.hikari.HikariDataSource - HikariPool-1 - Start completed.
2021-04-15 23:13:44.806 [main] INFO  com.sm.qy28.ProjectApplication - Starting ProjectApplication on JAVA-20200825JO with PID 3776 (E:\java workspace\crmmaster\target\classes started by JAVASM in E:\java workspace\crmmaster)
2021-04-15 23:13:44.808 [main] INFO  com.sm.qy28.ProjectApplication - No active profile set, falling back to default profiles: default
2021-04-15 23:13:45.500 [main] INFO  o.s.boot.web.embedded.tomcat.TomcatWebServer - Tomcat initialized with port(s): 10000 (http)
2021-04-15 23:13:45.506 [main] INFO  org.apache.coyote.http11.Http11NioProtocol - Initializing ProtocolHandler ["http-nio-10000"]
2021-04-15 23:13:45.506 [main] INFO  org.apache.catalina.core.StandardService - Starting service [Tomcat]
2021-04-15 23:13:45.506 [main] INFO  org.apache.catalina.core.StandardEngine - Starting Servlet engine: [Apache Tomcat/9.0.39]
2021-04-15 23:13:45.563 [main] INFO  o.a.c.core.ContainerBase.[Tomcat].[localhost].[/] - Initializing Spring embedded WebApplicationContext
2021-04-15 23:13:45.563 [main] INFO  o.s.b.w.s.c.ServletWebServerApplicationContext - Root WebApplicationContext: initialization completed in 678 ms
2021-04-15 23:13:45.819 [main] INFO  o.s.scheduling.concurrent.ThreadPoolTaskExecutor - Initializing ExecutorService 'applicationTaskExecutor'
2021-04-15 23:13:45.960 [main] INFO  org.apache.coyote.http11.Http11NioProtocol - Starting ProtocolHandler ["http-nio-10000"]
2021-04-15 23:13:45.975 [main] INFO  o.s.boot.web.embedded.tomcat.TomcatWebServer - Tomcat started on port(s): 10000 (http) with context path ''
2021-04-15 23:13:45.982 [main] INFO  com.sm.qy28.ProjectApplication - Started ProjectApplication in 1.849 seconds (JVM running for 2.698)
2021-04-15 23:13:47.966 [http-nio-10000-exec-3] INFO  o.a.c.core.ContainerBase.[Tomcat].[localhost].[/] - Initializing Spring DispatcherServlet 'dispatcherServlet'
2021-04-15 23:13:47.967 [http-nio-10000-exec-3] INFO  org.springframework.web.servlet.DispatcherServlet - Initializing Servlet 'dispatcherServlet'
2021-04-15 23:13:47.970 [http-nio-10000-exec-3] INFO  org.springframework.web.servlet.DispatcherServlet - Completed initialization in 3 ms
2021-04-15 23:13:47.987 [http-nio-10000-exec-3] INFO  com.zaxxer.hikari.HikariDataSource - HikariPool-1 - Starting...
2021-04-15 23:13:48.151 [http-nio-10000-exec-3] INFO  com.zaxxer.hikari.HikariDataSource - HikariPool-1 - Start completed.
2021-04-15 23:22:25.022 [main] INFO  com.sm.qy28.ProjectApplication - Starting ProjectApplication on JAVA-20200825JO with PID 10616 (E:\java workspace\crmmaster\target\classes started by JAVASM in E:\java workspace\crmmaster)
2021-04-15 23:22:25.025 [main] INFO  com.sm.qy28.ProjectApplication - No active profile set, falling back to default profiles: default
2021-04-15 23:22:25.765 [main] INFO  o.s.boot.web.embedded.tomcat.TomcatWebServer - Tomcat initialized with port(s): 10000 (http)
2021-04-15 23:22:25.771 [main] INFO  org.apache.coyote.http11.Http11NioProtocol - Initializing ProtocolHandler ["http-nio-10000"]
2021-04-15 23:22:25.772 [main] INFO  org.apache.catalina.core.StandardService - Starting service [Tomcat]
2021-04-15 23:22:25.772 [main] INFO  org.apache.catalina.core.StandardEngine - Starting Servlet engine: [Apache Tomcat/9.0.39]
2021-04-15 23:22:25.831 [main] INFO  o.a.c.core.ContainerBase.[Tomcat].[localhost].[/] - Initializing Spring embedded WebApplicationContext
2021-04-15 23:22:25.831 [main] INFO  o.s.b.w.s.c.ServletWebServerApplicationContext - Root WebApplicationContext: initialization completed in 771 ms
2021-04-15 23:22:26.140 [main] INFO  o.s.scheduling.concurrent.ThreadPoolTaskExecutor - Initializing ExecutorService 'applicationTaskExecutor'
2021-04-15 23:22:26.295 [main] INFO  org.apache.coyote.http11.Http11NioProtocol - Starting ProtocolHandler ["http-nio-10000"]
2021-04-15 23:22:26.313 [main] INFO  o.s.boot.web.embedded.tomcat.TomcatWebServer - Tomcat started on port(s): 10000 (http) with context path ''
2021-04-15 23:22:26.321 [main] INFO  com.sm.qy28.ProjectApplication - Started ProjectApplication in 1.571 seconds (JVM running for 2.775)
2021-04-15 23:22:40.846 [http-nio-10000-exec-2] INFO  o.a.c.core.ContainerBase.[Tomcat].[localhost].[/] - Initializing Spring DispatcherServlet 'dispatcherServlet'
2021-04-15 23:22:40.846 [http-nio-10000-exec-2] INFO  org.springframework.web.servlet.DispatcherServlet - Initializing Servlet 'dispatcherServlet'
2021-04-15 23:22:40.853 [http-nio-10000-exec-2] INFO  org.springframework.web.servlet.DispatcherServlet - Completed initialization in 6 ms
2021-04-15 23:22:40.872 [http-nio-10000-exec-2] INFO  com.zaxxer.hikari.HikariDataSource - HikariPool-1 - Starting...
2021-04-15 23:22:41.051 [http-nio-10000-exec-2] INFO  com.zaxxer.hikari.HikariDataSource - HikariPool-1 - Start completed.
2021-04-15 23:26:18.805 [SpringContextShutdownHook] INFO  o.s.scheduling.concurrent.ThreadPoolTaskExecutor - Shutting down ExecutorService 'applicationTaskExecutor'
2021-04-15 23:26:18.806 [SpringContextShutdownHook] INFO  com.zaxxer.hikari.HikariDataSource - HikariPool-1 - Shutdown initiated...
2021-04-15 23:26:18.812 [SpringContextShutdownHook] INFO  com.zaxxer.hikari.HikariDataSource - HikariPool-1 - Shutdown completed.
2021-04-15 23:32:05.144 [main] INFO  com.sm.qy28.ProjectApplication - Starting ProjectApplication on JAVA-20200825JO with PID 10976 (E:\java workspace\crmmaster\target\classes started by JAVASM in E:\java workspace\crmmaster)
2021-04-15 23:32:05.147 [main] INFO  com.sm.qy28.ProjectApplication - No active profile set, falling back to default profiles: default
2021-04-15 23:32:05.887 [main] INFO  o.s.boot.web.embedded.tomcat.TomcatWebServer - Tomcat initialized with port(s): 10000 (http)
2021-04-15 23:32:05.893 [main] INFO  org.apache.coyote.http11.Http11NioProtocol - Initializing ProtocolHandler ["http-nio-10000"]
2021-04-15 23:32:05.893 [main] INFO  org.apache.catalina.core.StandardService - Starting service [Tomcat]
2021-04-15 23:32:05.893 [main] INFO  org.apache.catalina.core.StandardEngine - Starting Servlet engine: [Apache Tomcat/9.0.39]
2021-04-15 23:32:05.951 [main] INFO  o.a.c.core.ContainerBase.[Tomcat].[localhost].[/] - Initializing Spring embedded WebApplicationContext
2021-04-15 23:32:05.952 [main] INFO  o.s.b.w.s.c.ServletWebServerApplicationContext - Root WebApplicationContext: initialization completed in 766 ms
2021-04-15 23:32:06.185 [main] INFO  o.s.scheduling.concurrent.ThreadPoolTaskExecutor - Initializing ExecutorService 'applicationTaskExecutor'
2021-04-15 23:32:06.318 [main] INFO  org.apache.coyote.http11.Http11NioProtocol - Starting ProtocolHandler ["http-nio-10000"]
2021-04-15 23:32:06.332 [main] INFO  o.s.boot.web.embedded.tomcat.TomcatWebServer - Tomcat started on port(s): 10000 (http) with context path ''
2021-04-15 23:32:06.339 [main] INFO  com.sm.qy28.ProjectApplication - Started ProjectApplication in 1.43 seconds (JVM running for 1.972)
2021-04-15 23:32:30.326 [http-nio-10000-exec-1] INFO  o.a.c.core.ContainerBase.[Tomcat].[localhost].[/] - Initializing Spring DispatcherServlet 'dispatcherServlet'
2021-04-15 23:32:30.327 [http-nio-10000-exec-1] INFO  org.springframework.web.servlet.DispatcherServlet - Initializing Servlet 'dispatcherServlet'
2021-04-15 23:32:30.333 [http-nio-10000-exec-1] INFO  org.springframework.web.servlet.DispatcherServlet - Completed initialization in 6 ms
2021-04-15 23:32:30.350 [http-nio-10000-exec-1] INFO  com.zaxxer.hikari.HikariDataSource - HikariPool-1 - Starting...
2021-04-15 23:32:30.516 [http-nio-10000-exec-1] INFO  com.zaxxer.hikari.HikariDataSource - HikariPool-1 - Start completed.
2021-04-15 23:45:47.694 [main] INFO  com.sm.qy28.ProjectApplication - Starting ProjectApplication on JAVA-20200825JO with PID 3988 (E:\java workspace\crmmaster\target\classes started by JAVASM in E:\java workspace\crmmaster)
2021-04-15 23:45:47.697 [main] INFO  com.sm.qy28.ProjectApplication - No active profile set, falling back to default profiles: default
2021-04-15 23:45:48.407 [main] INFO  o.s.boot.web.embedded.tomcat.TomcatWebServer - Tomcat initialized with port(s): 10000 (http)
2021-04-15 23:45:48.412 [main] INFO  org.apache.coyote.http11.Http11NioProtocol - Initializing ProtocolHandler ["http-nio-10000"]
2021-04-15 23:45:48.413 [main] INFO  org.apache.catalina.core.StandardService - Starting service [Tomcat]
2021-04-15 23:45:48.413 [main] INFO  org.apache.catalina.core.StandardEngine - Starting Servlet engine: [Apache Tomcat/9.0.39]
2021-04-15 23:45:48.471 [main] INFO  o.a.c.core.ContainerBase.[Tomcat].[localhost].[/] - Initializing Spring embedded WebApplicationContext
2021-04-15 23:45:48.471 [main] INFO  o.s.b.w.s.c.ServletWebServerApplicationContext - Root WebApplicationContext: initialization completed in 733 ms
2021-04-15 23:45:48.642 [main] INFO  org.apache.catalina.core.StandardService - Stopping service [Tomcat]
2021-04-15 23:45:48.649 [main] INFO  o.s.b.a.l.ConditionEvaluationReportLoggingListener - 

Error starting ApplicationContext. To display the conditions report re-run your application with 'debug' enabled.
